<?xml version="1.0" encoding="UTF-8"?>
<!-- Generated by org.testng.reporters.JUnitReportReporter -->
<testsuite skipped="0" hostname="Sakharam-E5470" name="seltestngpakage.SelTestNGFile" tests="1" failures="0" timestamp="15 Sep 2018 16:58:26 GMT" time="5.363" errors="0">
  <testcase name="verifyHomepageTitle" time="5.363" classname="seltestngpakage.SelTestNGFile"/>
</testsuite> <!-- seltestngpakage.SelTestNGFile -->
